Not searching for unused variables given on the command line.
[36m--[0m The C compiler identification is GNU 9.4.0
[36m--[0m The CXX compiler identification is GNU 9.4.0
[36m--[0m Check for working C compiler: /usr/bin/cc
[36m--[0m Check for working C compiler: /usr/bin/cc -- works
[36m--[0m Detecting C compiler ABI info
[36m--[0m Detecting C compiler ABI info - done
[36m--[0m Detecting C compile features
[36m--[0m Detecting C compile features - done
[36m--[0m Check for working CXX compiler: /usr/bin/c++
[36m--[0m Check for working CXX compiler: /usr/bin/c++ -- works
[36m--[0m Detecting CXX compiler ABI info
[36m--[0m Detecting CXX compiler ABI info - done
[36m--[0m Detecting CXX compile features
[36m--[0m Detecting CXX compile features - done
[36m--[0m Using CATKIN_DEVEL_PREFIX: /home/hcal-group/catkin_ws/devel/.private/stretch_funmap
[36m--[0m Using CMAKE_PREFIX_PATH: /home/hcal-group/catkin_ws/install;/home/hcal-group/catkin_ws/devel;/opt/ros/noetic
[36m--[0m This workspace overlays: /home/hcal-group/catkin_ws/install;/home/hcal-group/catkin_ws/devel;/opt/ros/noetic
[36m--[0m Found PythonInterp: /usr/bin/python3 (found suitable version "3.8.10", minimum required is "3")
[36m--[0m Using PYTHON_EXECUTABLE: /usr/bin/python3
[36m--[0m Using Debian Python package layout
[36m--[0m Found PY_em: /usr/lib/python3/dist-packages/em.py
[36m--[0m Using empy: /usr/lib/python3/dist-packages/em.py
[36m--[0m Using CATKIN_ENABLE_TESTING: ON
[36m--[0m Call enable_testing()
[36m--[0m Using CATKIN_TEST_RESULTS_DIR: /home/hcal-group/catkin_ws/build/stretch_funmap/test_results
[36m--[0m Forcing gtest/gmock from source, though one was otherwise available.
[36m--[0m Found gtest sources under '/usr/src/googletest': gtests will be built
[36m--[0m Found gmock sources under '/usr/src/googletest': gmock will be built
[36m--[0m Found PythonInterp: /usr/bin/python3 (found version "3.8.10")
[36m--[0m Found Threads: TRUE
[36m--[0m Using Python nosetests: /usr/bin/nosetests3
[36m--[0m catkin 0.8.10
[36m--[0m BUILD_SHARED_LIBS is on
Compile cython code within cmake build
Building cython_min_cost_path.pyx...
/usr/lib/python3/dist-packages/Cython/Compiler/Main.py:369: FutureWarning: Cython directive 'language_level' not set, using 2 for now (Py2). This will change in a later release! File: /home/hcal-group/catkin_ws/src/stretch_funmap/src/stretch_funmap/cython_min_cost_path.pyx
  tree = Parsing.p_module(s, pxd, full_module_name)
Using python lib: /usr/include/python3.8
In file included from /usr/include/python3.8/numpy/ndarraytypes.h:1830,
                 from /usr/include/python3.8/numpy/ndarrayobject.h:12,
                 from /usr/include/python3.8/numpy/arrayobject.h:4,
                 from cython_min_cost_path.c:598:
/usr/include/python3.8/numpy/npy_1_7_deprecated_api.h:17:2: warning: #warning "Using deprecated NumPy API, disable it with " "#define NPY_NO_DEPRECATED_API NPY_1_7_API_VERSION" [-Wcpp]
   17 | #warning "Using deprecated NumPy API, disable it with " \
      |  ^~~~~~~
Done.

[36m--[0m Configuring done
[36m--[0m Generating done
[36m--[0m Build files have been written to: /home/hcal-group/catkin_ws/build/stretch_funmap
