Symlinking /home/hcal-group/catkin_ws/devel/include/stretch_demos/ArucoHeadScanAction.h
Symlinking /home/hcal-group/catkin_ws/devel/include/stretch_demos/ArucoHeadScanResult.h
Symlinking /home/hcal-group/catkin_ws/devel/include/stretch_demos/VisualServoActionGoal.h
Symlinking /home/hcal-group/catkin_ws/devel/include/stretch_demos/VisualServoAction.h
Symlinking /home/hcal-group/catkin_ws/devel/include/stretch_demos/ArucoHeadScanGoal.h
Symlinking /home/hcal-group/catkin_ws/devel/include/stretch_demos/ArucoHeadScanFeedback.h
Symlinking /home/hcal-group/catkin_ws/devel/include/stretch_demos/ArucoHeadScanActionGoal.h
Symlinking /home/hcal-group/catkin_ws/devel/include/stretch_demos/VisualServoActionFeedback.h
Symlinking /home/hcal-group/catkin_ws/devel/include/stretch_demos/ArucoHeadScanActionFeedback.h
Symlinking /home/hcal-group/catkin_ws/devel/include/stretch_demos/VisualServoFeedback.h
Symlinking /home/hcal-group/catkin_ws/devel/include/stretch_demos/VisualServoActionResult.h
Symlinking /home/hcal-group/catkin_ws/devel/include/stretch_demos/VisualServoGoal.h
Symlinking /home/hcal-group/catkin_ws/devel/include/stretch_demos/ArucoHeadScanActionResult.h
Symlinking /home/hcal-group/catkin_ws/devel/include/stretch_demos/VisualServoResult.h
Symlinking /home/hcal-group/catkin_ws/devel/lib/python3/dist-packages/stretch_demos/__init__.py
Symlinking /home/hcal-group/catkin_ws/devel/lib/python3/dist-packages/stretch_demos/msg/_VisualServoResult.py
Symlinking /home/hcal-group/catkin_ws/devel/lib/python3/dist-packages/stretch_demos/msg/_VisualServoActionResult.py
Symlinking /home/hcal-group/catkin_ws/devel/lib/python3/dist-packages/stretch_demos/msg/_ArucoHeadScanActionResult.py
Symlinking /home/hcal-group/catkin_ws/devel/lib/python3/dist-packages/stretch_demos/msg/_VisualServoFeedback.py
Symlinking /home/hcal-group/catkin_ws/devel/lib/python3/dist-packages/stretch_demos/msg/_VisualServoActionFeedback.py
Symlinking /home/hcal-group/catkin_ws/devel/lib/python3/dist-packages/stretch_demos/msg/_ArucoHeadScanAction.py
Symlinking /home/hcal-group/catkin_ws/devel/lib/python3/dist-packages/stretch_demos/msg/_VisualServoGoal.py
Symlinking /home/hcal-group/catkin_ws/devel/lib/python3/dist-packages/stretch_demos/msg/_ArucoHeadScanFeedback.py
Symlinking /home/hcal-group/catkin_ws/devel/lib/python3/dist-packages/stretch_demos/msg/_ArucoHeadScanActionGoal.py
Symlinking /home/hcal-group/catkin_ws/devel/lib/python3/dist-packages/stretch_demos/msg/_ArucoHeadScanResult.py
Symlinking /home/hcal-group/catkin_ws/devel/lib/python3/dist-packages/stretch_demos/msg/_ArucoHeadScanActionFeedback.py
Symlinking /home/hcal-group/catkin_ws/devel/lib/python3/dist-packages/stretch_demos/msg/_ArucoHeadScanGoal.py
Symlinking /home/hcal-group/catkin_ws/devel/lib/python3/dist-packages/stretch_demos/msg/__init__.py
Symlinking /home/hcal-group/catkin_ws/devel/lib/python3/dist-packages/stretch_demos/msg/_VisualServoActionGoal.py
Symlinking /home/hcal-group/catkin_ws/devel/lib/python3/dist-packages/stretch_demos/msg/_VisualServoAction.py
Symlinking /home/hcal-group/catkin_ws/devel/lib/pkgconfig/stretch_demos.pc
Symlinking /home/hcal-group/catkin_ws/devel/share/common-lisp/ros/stretch_demos/msg/ArucoHeadScanResult.lisp
Symlinking /home/hcal-group/catkin_ws/devel/share/common-lisp/ros/stretch_demos/msg/ArucoHeadScanAction.lisp
Symlinking /home/hcal-group/catkin_ws/devel/share/common-lisp/ros/stretch_demos/msg/_package_VisualServoActionResult.lisp
Symlinking /home/hcal-group/catkin_ws/devel/share/common-lisp/ros/stretch_demos/msg/ArucoHeadScanActionFeedback.lisp
Symlinking /home/hcal-group/catkin_ws/devel/share/common-lisp/ros/stretch_demos/msg/_package_VisualServoGoal.lisp
Symlinking /home/hcal-group/catkin_ws/devel/share/common-lisp/ros/stretch_demos/msg/VisualServoResult.lisp
Symlinking /home/hcal-group/catkin_ws/devel/share/common-lisp/ros/stretch_demos/msg/VisualServoActionResult.lisp
Symlinking /home/hcal-group/catkin_ws/devel/share/common-lisp/ros/stretch_demos/msg/stretch_demos-msg.asd
Symlinking /home/hcal-group/catkin_ws/devel/share/common-lisp/ros/stretch_demos/msg/_package_VisualServoActionGoal.lisp
Symlinking /home/hcal-group/catkin_ws/devel/share/common-lisp/ros/stretch_demos/msg/_package_VisualServoAction.lisp
Symlinking /home/hcal-group/catkin_ws/devel/share/common-lisp/ros/stretch_demos/msg/_package_ArucoHeadScanFeedback.lisp
Symlinking /home/hcal-group/catkin_ws/devel/share/common-lisp/ros/stretch_demos/msg/VisualServoAction.lisp
Symlinking /home/hcal-group/catkin_ws/devel/share/common-lisp/ros/stretch_demos/msg/ArucoHeadScanActionGoal.lisp
Symlinking /home/hcal-group/catkin_ws/devel/share/common-lisp/ros/stretch_demos/msg/ArucoHeadScanActionResult.lisp
Symlinking /home/hcal-group/catkin_ws/devel/share/common-lisp/ros/stretch_demos/msg/_package_ArucoHeadScanGoal.lisp
Symlinking /home/hcal-group/catkin_ws/devel/share/common-lisp/ros/stretch_demos/msg/_package_VisualServoResult.lisp
Symlinking /home/hcal-group/catkin_ws/devel/share/common-lisp/ros/stretch_demos/msg/_package_ArucoHeadScanActionResult.lisp
Symlinking /home/hcal-group/catkin_ws/devel/share/common-lisp/ros/stretch_demos/msg/VisualServoActionGoal.lisp
Symlinking /home/hcal-group/catkin_ws/devel/share/common-lisp/ros/stretch_demos/msg/ArucoHeadScanFeedback.lisp
Symlinking /home/hcal-group/catkin_ws/devel/share/common-lisp/ros/stretch_demos/msg/_package_ArucoHeadScanActionFeedback.lisp
Symlinking /home/hcal-group/catkin_ws/devel/share/common-lisp/ros/stretch_demos/msg/VisualServoGoal.lisp
Symlinking /home/hcal-group/catkin_ws/devel/share/common-lisp/ros/stretch_demos/msg/_package_ArucoHeadScanActionGoal.lisp
Symlinking /home/hcal-group/catkin_ws/devel/share/common-lisp/ros/stretch_demos/msg/ArucoHeadScanGoal.lisp
Symlinking /home/hcal-group/catkin_ws/devel/share/common-lisp/ros/stretch_demos/msg/_package.lisp
Symlinking /home/hcal-group/catkin_ws/devel/share/common-lisp/ros/stretch_demos/msg/_package_ArucoHeadScanAction.lisp
Symlinking /home/hcal-group/catkin_ws/devel/share/common-lisp/ros/stretch_demos/msg/_package_ArucoHeadScanResult.lisp
Symlinking /home/hcal-group/catkin_ws/devel/share/common-lisp/ros/stretch_demos/msg/_package_VisualServoActionFeedback.lisp
Symlinking /home/hcal-group/catkin_ws/devel/share/common-lisp/ros/stretch_demos/msg/VisualServoFeedback.lisp
Symlinking /home/hcal-group/catkin_ws/devel/share/common-lisp/ros/stretch_demos/msg/VisualServoActionFeedback.lisp
Symlinking /home/hcal-group/catkin_ws/devel/share/common-lisp/ros/stretch_demos/msg/_package_VisualServoFeedback.lisp
Symlinking /home/hcal-group/catkin_ws/devel/share/gennodejs/ros/stretch_demos/_index.js
Symlinking /home/hcal-group/catkin_ws/devel/share/gennodejs/ros/stretch_demos/msg/ArucoHeadScanActionResult.js
Symlinking /home/hcal-group/catkin_ws/devel/share/gennodejs/ros/stretch_demos/msg/VisualServoResult.js
Symlinking /home/hcal-group/catkin_ws/devel/share/gennodejs/ros/stretch_demos/msg/ArucoHeadScanGoal.js
Symlinking /home/hcal-group/catkin_ws/devel/share/gennodejs/ros/stretch_demos/msg/VisualServoAction.js
Symlinking /home/hcal-group/catkin_ws/devel/share/gennodejs/ros/stretch_demos/msg/VisualServoGoal.js
Symlinking /home/hcal-group/catkin_ws/devel/share/gennodejs/ros/stretch_demos/msg/_index.js
Symlinking /home/hcal-group/catkin_ws/devel/share/gennodejs/ros/stretch_demos/msg/VisualServoActionResult.js
Symlinking /home/hcal-group/catkin_ws/devel/share/gennodejs/ros/stretch_demos/msg/VisualServoActionGoal.js
Symlinking /home/hcal-group/catkin_ws/devel/share/gennodejs/ros/stretch_demos/msg/ArucoHeadScanActionGoal.js
Symlinking /home/hcal-group/catkin_ws/devel/share/gennodejs/ros/stretch_demos/msg/VisualServoActionFeedback.js
Symlinking /home/hcal-group/catkin_ws/devel/share/gennodejs/ros/stretch_demos/msg/ArucoHeadScanResult.js
Symlinking /home/hcal-group/catkin_ws/devel/share/gennodejs/ros/stretch_demos/msg/ArucoHeadScanActionFeedback.js
Symlinking /home/hcal-group/catkin_ws/devel/share/gennodejs/ros/stretch_demos/msg/ArucoHeadScanAction.js
Symlinking /home/hcal-group/catkin_ws/devel/share/gennodejs/ros/stretch_demos/msg/VisualServoFeedback.js
Symlinking /home/hcal-group/catkin_ws/devel/share/gennodejs/ros/stretch_demos/msg/ArucoHeadScanFeedback.js
Symlinking /home/hcal-group/catkin_ws/devel/share/stretch_demos/cmake/stretch_demos-msg-extras.cmake
Symlinking /home/hcal-group/catkin_ws/devel/share/stretch_demos/cmake/stretch_demos-msg-paths.cmake
Symlinking /home/hcal-group/catkin_ws/devel/share/stretch_demos/cmake/stretch_demosConfig.cmake
Symlinking /home/hcal-group/catkin_ws/devel/share/stretch_demos/cmake/stretch_demosConfig-version.cmake
Symlinking /home/hcal-group/catkin_ws/devel/share/stretch_demos/msg/ArucoHeadScanActionFeedback.msg
Symlinking /home/hcal-group/catkin_ws/devel/share/stretch_demos/msg/VisualServoActionResult.msg
Symlinking /home/hcal-group/catkin_ws/devel/share/stretch_demos/msg/ArucoHeadScanActionGoal.msg
Symlinking /home/hcal-group/catkin_ws/devel/share/stretch_demos/msg/VisualServoActionFeedback.msg
Symlinking /home/hcal-group/catkin_ws/devel/share/stretch_demos/msg/ArucoHeadScanActionResult.msg
Symlinking /home/hcal-group/catkin_ws/devel/share/stretch_demos/msg/ArucoHeadScanAction.msg
Symlinking /home/hcal-group/catkin_ws/devel/share/stretch_demos/msg/ArucoHeadScanFeedback.msg
Symlinking /home/hcal-group/catkin_ws/devel/share/stretch_demos/msg/ArucoHeadScanGoal.msg
Symlinking /home/hcal-group/catkin_ws/devel/share/stretch_demos/msg/VisualServoGoal.msg
Symlinking /home/hcal-group/catkin_ws/devel/share/stretch_demos/msg/VisualServoResult.msg
Symlinking /home/hcal-group/catkin_ws/devel/share/stretch_demos/msg/VisualServoAction.msg
Symlinking /home/hcal-group/catkin_ws/devel/share/stretch_demos/msg/VisualServoFeedback.msg
Symlinking /home/hcal-group/catkin_ws/devel/share/stretch_demos/msg/VisualServoActionGoal.msg
Symlinking /home/hcal-group/catkin_ws/devel/share/stretch_demos/msg/ArucoHeadScanResult.msg
Symlinking /home/hcal-group/catkin_ws/devel/share/roseus/ros/stretch_demos/manifest.l
Symlinking /home/hcal-group/catkin_ws/devel/share/roseus/ros/stretch_demos/msg/VisualServoResult.l
Symlinking /home/hcal-group/catkin_ws/devel/share/roseus/ros/stretch_demos/msg/ArucoHeadScanActionGoal.l
Symlinking /home/hcal-group/catkin_ws/devel/share/roseus/ros/stretch_demos/msg/ArucoHeadScanAction.l
Symlinking /home/hcal-group/catkin_ws/devel/share/roseus/ros/stretch_demos/msg/ArucoHeadScanActionResult.l
Symlinking /home/hcal-group/catkin_ws/devel/share/roseus/ros/stretch_demos/msg/VisualServoAction.l
Symlinking /home/hcal-group/catkin_ws/devel/share/roseus/ros/stretch_demos/msg/VisualServoGoal.l
Symlinking /home/hcal-group/catkin_ws/devel/share/roseus/ros/stretch_demos/msg/VisualServoActionFeedback.l
Symlinking /home/hcal-group/catkin_ws/devel/share/roseus/ros/stretch_demos/msg/VisualServoFeedback.l
Symlinking /home/hcal-group/catkin_ws/devel/share/roseus/ros/stretch_demos/msg/ArucoHeadScanActionFeedback.l
Symlinking /home/hcal-group/catkin_ws/devel/share/roseus/ros/stretch_demos/msg/VisualServoActionResult.l
Symlinking /home/hcal-group/catkin_ws/devel/share/roseus/ros/stretch_demos/msg/ArucoHeadScanGoal.l
Symlinking /home/hcal-group/catkin_ws/devel/share/roseus/ros/stretch_demos/msg/ArucoHeadScanResult.l
Symlinking /home/hcal-group/catkin_ws/devel/share/roseus/ros/stretch_demos/msg/VisualServoActionGoal.l
Symlinking /home/hcal-group/catkin_ws/devel/share/roseus/ros/stretch_demos/msg/ArucoHeadScanFeedback.l
