Linked: (/home/hcal-group/catkin_ws/devel/.private/stretch_demos/include/stretch_demos/ArucoHeadScanAction.h, /home/hcal-group/catkin_ws/devel/include/stretch_demos/ArucoHeadScanAction.h)
Linked: (/home/hcal-group/catkin_ws/devel/.private/stretch_demos/include/stretch_demos/ArucoHeadScanResult.h, /home/hcal-group/catkin_ws/devel/include/stretch_demos/ArucoHeadScanResult.h)
Linked: (/home/hcal-group/catkin_ws/devel/.private/stretch_demos/include/stretch_demos/VisualServoActionGoal.h, /home/hcal-group/catkin_ws/devel/include/stretch_demos/VisualServoActionGoal.h)
Linked: (/home/hcal-group/catkin_ws/devel/.private/stretch_demos/include/stretch_demos/VisualServoAction.h, /home/hcal-group/catkin_ws/devel/include/stretch_demos/VisualServoAction.h)
Linked: (/home/hcal-group/catkin_ws/devel/.private/stretch_demos/include/stretch_demos/ArucoHeadScanGoal.h, /home/hcal-group/catkin_ws/devel/include/stretch_demos/ArucoHeadScanGoal.h)
Linked: (/home/hcal-group/catkin_ws/devel/.private/stretch_demos/include/stretch_demos/ArucoHeadScanFeedback.h, /home/hcal-group/catkin_ws/devel/include/stretch_demos/ArucoHeadScanFeedback.h)
Linked: (/home/hcal-group/catkin_ws/devel/.private/stretch_demos/include/stretch_demos/ArucoHeadScanActionGoal.h, /home/hcal-group/catkin_ws/devel/include/stretch_demos/ArucoHeadScanActionGoal.h)
Linked: (/home/hcal-group/catkin_ws/devel/.private/stretch_demos/include/stretch_demos/VisualServoActionFeedback.h, /home/hcal-group/catkin_ws/devel/include/stretch_demos/VisualServoActionFeedback.h)
Linked: (/home/hcal-group/catkin_ws/devel/.private/stretch_demos/include/stretch_demos/ArucoHeadScanActionFeedback.h, /home/hcal-group/catkin_ws/devel/include/stretch_demos/ArucoHeadScanActionFeedback.h)
Linked: (/home/hcal-group/catkin_ws/devel/.private/stretch_demos/include/stretch_demos/VisualServoFeedback.h, /home/hcal-group/catkin_ws/devel/include/stretch_demos/VisualServoFeedback.h)
Linked: (/home/hcal-group/catkin_ws/devel/.private/stretch_demos/include/stretch_demos/VisualServoActionResult.h, /home/hcal-group/catkin_ws/devel/include/stretch_demos/VisualServoActionResult.h)
Linked: (/home/hcal-group/catkin_ws/devel/.private/stretch_demos/include/stretch_demos/VisualServoGoal.h, /home/hcal-group/catkin_ws/devel/include/stretch_demos/VisualServoGoal.h)
Linked: (/home/hcal-group/catkin_ws/devel/.private/stretch_demos/include/stretch_demos/ArucoHeadScanActionResult.h, /home/hcal-group/catkin_ws/devel/include/stretch_demos/ArucoHeadScanActionResult.h)
Linked: (/home/hcal-group/catkin_ws/devel/.private/stretch_demos/include/stretch_demos/VisualServoResult.h, /home/hcal-group/catkin_ws/devel/include/stretch_demos/VisualServoResult.h)
Linked: (/home/hcal-group/catkin_ws/devel/.private/stretch_demos/lib/python3/dist-packages/stretch_demos/__init__.py, /home/hcal-group/catkin_ws/devel/lib/python3/dist-packages/stretch_demos/__init__.py)
Linked: (/home/hcal-group/catkin_ws/devel/.private/stretch_demos/lib/python3/dist-packages/stretch_demos/msg/_VisualServoResult.py, /home/hcal-group/catkin_ws/devel/lib/python3/dist-packages/stretch_demos/msg/_VisualServoResult.py)
Linked: (/home/hcal-group/catkin_ws/devel/.private/stretch_demos/lib/python3/dist-packages/stretch_demos/msg/_VisualServoActionResult.py, /home/hcal-group/catkin_ws/devel/lib/python3/dist-packages/stretch_demos/msg/_VisualServoActionResult.py)
Linked: (/home/hcal-group/catkin_ws/devel/.private/stretch_demos/lib/python3/dist-packages/stretch_demos/msg/_ArucoHeadScanActionResult.py, /home/hcal-group/catkin_ws/devel/lib/python3/dist-packages/stretch_demos/msg/_ArucoHeadScanActionResult.py)
Linked: (/home/hcal-group/catkin_ws/devel/.private/stretch_demos/lib/python3/dist-packages/stretch_demos/msg/_VisualServoFeedback.py, /home/hcal-group/catkin_ws/devel/lib/python3/dist-packages/stretch_demos/msg/_VisualServoFeedback.py)
Linked: (/home/hcal-group/catkin_ws/devel/.private/stretch_demos/lib/python3/dist-packages/stretch_demos/msg/_VisualServoActionFeedback.py, /home/hcal-group/catkin_ws/devel/lib/python3/dist-packages/stretch_demos/msg/_VisualServoActionFeedback.py)
Linked: (/home/hcal-group/catkin_ws/devel/.private/stretch_demos/lib/python3/dist-packages/stretch_demos/msg/_ArucoHeadScanAction.py, /home/hcal-group/catkin_ws/devel/lib/python3/dist-packages/stretch_demos/msg/_ArucoHeadScanAction.py)
Linked: (/home/hcal-group/catkin_ws/devel/.private/stretch_demos/lib/python3/dist-packages/stretch_demos/msg/_VisualServoGoal.py, /home/hcal-group/catkin_ws/devel/lib/python3/dist-packages/stretch_demos/msg/_VisualServoGoal.py)
Linked: (/home/hcal-group/catkin_ws/devel/.private/stretch_demos/lib/python3/dist-packages/stretch_demos/msg/_ArucoHeadScanFeedback.py, /home/hcal-group/catkin_ws/devel/lib/python3/dist-packages/stretch_demos/msg/_ArucoHeadScanFeedback.py)
Linked: (/home/hcal-group/catkin_ws/devel/.private/stretch_demos/lib/python3/dist-packages/stretch_demos/msg/_ArucoHeadScanActionGoal.py, /home/hcal-group/catkin_ws/devel/lib/python3/dist-packages/stretch_demos/msg/_ArucoHeadScanActionGoal.py)
Linked: (/home/hcal-group/catkin_ws/devel/.private/stretch_demos/lib/python3/dist-packages/stretch_demos/msg/_ArucoHeadScanResult.py, /home/hcal-group/catkin_ws/devel/lib/python3/dist-packages/stretch_demos/msg/_ArucoHeadScanResult.py)
Linked: (/home/hcal-group/catkin_ws/devel/.private/stretch_demos/lib/python3/dist-packages/stretch_demos/msg/_ArucoHeadScanActionFeedback.py, /home/hcal-group/catkin_ws/devel/lib/python3/dist-packages/stretch_demos/msg/_ArucoHeadScanActionFeedback.py)
Linked: (/home/hcal-group/catkin_ws/devel/.private/stretch_demos/lib/python3/dist-packages/stretch_demos/msg/_ArucoHeadScanGoal.py, /home/hcal-group/catkin_ws/devel/lib/python3/dist-packages/stretch_demos/msg/_ArucoHeadScanGoal.py)
Linked: (/home/hcal-group/catkin_ws/devel/.private/stretch_demos/lib/python3/dist-packages/stretch_demos/msg/__init__.py, /home/hcal-group/catkin_ws/devel/lib/python3/dist-packages/stretch_demos/msg/__init__.py)
Linked: (/home/hcal-group/catkin_ws/devel/.private/stretch_demos/lib/python3/dist-packages/stretch_demos/msg/_VisualServoActionGoal.py, /home/hcal-group/catkin_ws/devel/lib/python3/dist-packages/stretch_demos/msg/_VisualServoActionGoal.py)
Linked: (/home/hcal-group/catkin_ws/devel/.private/stretch_demos/lib/python3/dist-packages/stretch_demos/msg/_VisualServoAction.py, /home/hcal-group/catkin_ws/devel/lib/python3/dist-packages/stretch_demos/msg/_VisualServoAction.py)
Linked: (/home/hcal-group/catkin_ws/devel/.private/stretch_demos/lib/pkgconfig/stretch_demos.pc, /home/hcal-group/catkin_ws/devel/lib/pkgconfig/stretch_demos.pc)
Linked: (/home/hcal-group/catkin_ws/devel/.private/stretch_demos/share/common-lisp/ros/stretch_demos/msg/ArucoHeadScanResult.lisp, /home/hcal-group/catkin_ws/devel/share/common-lisp/ros/stretch_demos/msg/ArucoHeadScanResult.lisp)
Linked: (/home/hcal-group/catkin_ws/devel/.private/stretch_demos/share/common-lisp/ros/stretch_demos/msg/ArucoHeadScanAction.lisp, /home/hcal-group/catkin_ws/devel/share/common-lisp/ros/stretch_demos/msg/ArucoHeadScanAction.lisp)
Linked: (/home/hcal-group/catkin_ws/devel/.private/stretch_demos/share/common-lisp/ros/stretch_demos/msg/_package_VisualServoActionResult.lisp, /home/hcal-group/catkin_ws/devel/share/common-lisp/ros/stretch_demos/msg/_package_VisualServoActionResult.lisp)
Linked: (/home/hcal-group/catkin_ws/devel/.private/stretch_demos/share/common-lisp/ros/stretch_demos/msg/ArucoHeadScanActionFeedback.lisp, /home/hcal-group/catkin_ws/devel/share/common-lisp/ros/stretch_demos/msg/ArucoHeadScanActionFeedback.lisp)
Linked: (/home/hcal-group/catkin_ws/devel/.private/stretch_demos/share/common-lisp/ros/stretch_demos/msg/_package_VisualServoGoal.lisp, /home/hcal-group/catkin_ws/devel/share/common-lisp/ros/stretch_demos/msg/_package_VisualServoGoal.lisp)
Linked: (/home/hcal-group/catkin_ws/devel/.private/stretch_demos/share/common-lisp/ros/stretch_demos/msg/VisualServoResult.lisp, /home/hcal-group/catkin_ws/devel/share/common-lisp/ros/stretch_demos/msg/VisualServoResult.lisp)
Linked: (/home/hcal-group/catkin_ws/devel/.private/stretch_demos/share/common-lisp/ros/stretch_demos/msg/VisualServoActionResult.lisp, /home/hcal-group/catkin_ws/devel/share/common-lisp/ros/stretch_demos/msg/VisualServoActionResult.lisp)
Linked: (/home/hcal-group/catkin_ws/devel/.private/stretch_demos/share/common-lisp/ros/stretch_demos/msg/stretch_demos-msg.asd, /home/hcal-group/catkin_ws/devel/share/common-lisp/ros/stretch_demos/msg/stretch_demos-msg.asd)
Linked: (/home/hcal-group/catkin_ws/devel/.private/stretch_demos/share/common-lisp/ros/stretch_demos/msg/_package_VisualServoActionGoal.lisp, /home/hcal-group/catkin_ws/devel/share/common-lisp/ros/stretch_demos/msg/_package_VisualServoActionGoal.lisp)
Linked: (/home/hcal-group/catkin_ws/devel/.private/stretch_demos/share/common-lisp/ros/stretch_demos/msg/_package_VisualServoAction.lisp, /home/hcal-group/catkin_ws/devel/share/common-lisp/ros/stretch_demos/msg/_package_VisualServoAction.lisp)
Linked: (/home/hcal-group/catkin_ws/devel/.private/stretch_demos/share/common-lisp/ros/stretch_demos/msg/_package_ArucoHeadScanFeedback.lisp, /home/hcal-group/catkin_ws/devel/share/common-lisp/ros/stretch_demos/msg/_package_ArucoHeadScanFeedback.lisp)
Linked: (/home/hcal-group/catkin_ws/devel/.private/stretch_demos/share/common-lisp/ros/stretch_demos/msg/VisualServoAction.lisp, /home/hcal-group/catkin_ws/devel/share/common-lisp/ros/stretch_demos/msg/VisualServoAction.lisp)
Linked: (/home/hcal-group/catkin_ws/devel/.private/stretch_demos/share/common-lisp/ros/stretch_demos/msg/ArucoHeadScanActionGoal.lisp, /home/hcal-group/catkin_ws/devel/share/common-lisp/ros/stretch_demos/msg/ArucoHeadScanActionGoal.lisp)
Linked: (/home/hcal-group/catkin_ws/devel/.private/stretch_demos/share/common-lisp/ros/stretch_demos/msg/ArucoHeadScanActionResult.lisp, /home/hcal-group/catkin_ws/devel/share/common-lisp/ros/stretch_demos/msg/ArucoHeadScanActionResult.lisp)
Linked: (/home/hcal-group/catkin_ws/devel/.private/stretch_demos/share/common-lisp/ros/stretch_demos/msg/_package_ArucoHeadScanGoal.lisp, /home/hcal-group/catkin_ws/devel/share/common-lisp/ros/stretch_demos/msg/_package_ArucoHeadScanGoal.lisp)
Linked: (/home/hcal-group/catkin_ws/devel/.private/stretch_demos/share/common-lisp/ros/stretch_demos/msg/_package_VisualServoResult.lisp, /home/hcal-group/catkin_ws/devel/share/common-lisp/ros/stretch_demos/msg/_package_VisualServoResult.lisp)
Linked: (/home/hcal-group/catkin_ws/devel/.private/stretch_demos/share/common-lisp/ros/stretch_demos/msg/_package_ArucoHeadScanActionResult.lisp, /home/hcal-group/catkin_ws/devel/share/common-lisp/ros/stretch_demos/msg/_package_ArucoHeadScanActionResult.lisp)
Linked: (/home/hcal-group/catkin_ws/devel/.private/stretch_demos/share/common-lisp/ros/stretch_demos/msg/VisualServoActionGoal.lisp, /home/hcal-group/catkin_ws/devel/share/common-lisp/ros/stretch_demos/msg/VisualServoActionGoal.lisp)
Linked: (/home/hcal-group/catkin_ws/devel/.private/stretch_demos/share/common-lisp/ros/stretch_demos/msg/ArucoHeadScanFeedback.lisp, /home/hcal-group/catkin_ws/devel/share/common-lisp/ros/stretch_demos/msg/ArucoHeadScanFeedback.lisp)
Linked: (/home/hcal-group/catkin_ws/devel/.private/stretch_demos/share/common-lisp/ros/stretch_demos/msg/_package_ArucoHeadScanActionFeedback.lisp, /home/hcal-group/catkin_ws/devel/share/common-lisp/ros/stretch_demos/msg/_package_ArucoHeadScanActionFeedback.lisp)
Linked: (/home/hcal-group/catkin_ws/devel/.private/stretch_demos/share/common-lisp/ros/stretch_demos/msg/VisualServoGoal.lisp, /home/hcal-group/catkin_ws/devel/share/common-lisp/ros/stretch_demos/msg/VisualServoGoal.lisp)
Linked: (/home/hcal-group/catkin_ws/devel/.private/stretch_demos/share/common-lisp/ros/stretch_demos/msg/_package_ArucoHeadScanActionGoal.lisp, /home/hcal-group/catkin_ws/devel/share/common-lisp/ros/stretch_demos/msg/_package_ArucoHeadScanActionGoal.lisp)
Linked: (/home/hcal-group/catkin_ws/devel/.private/stretch_demos/share/common-lisp/ros/stretch_demos/msg/ArucoHeadScanGoal.lisp, /home/hcal-group/catkin_ws/devel/share/common-lisp/ros/stretch_demos/msg/ArucoHeadScanGoal.lisp)
Linked: (/home/hcal-group/catkin_ws/devel/.private/stretch_demos/share/common-lisp/ros/stretch_demos/msg/_package.lisp, /home/hcal-group/catkin_ws/devel/share/common-lisp/ros/stretch_demos/msg/_package.lisp)
Linked: (/home/hcal-group/catkin_ws/devel/.private/stretch_demos/share/common-lisp/ros/stretch_demos/msg/_package_ArucoHeadScanAction.lisp, /home/hcal-group/catkin_ws/devel/share/common-lisp/ros/stretch_demos/msg/_package_ArucoHeadScanAction.lisp)
Linked: (/home/hcal-group/catkin_ws/devel/.private/stretch_demos/share/common-lisp/ros/stretch_demos/msg/_package_ArucoHeadScanResult.lisp, /home/hcal-group/catkin_ws/devel/share/common-lisp/ros/stretch_demos/msg/_package_ArucoHeadScanResult.lisp)
Linked: (/home/hcal-group/catkin_ws/devel/.private/stretch_demos/share/common-lisp/ros/stretch_demos/msg/_package_VisualServoActionFeedback.lisp, /home/hcal-group/catkin_ws/devel/share/common-lisp/ros/stretch_demos/msg/_package_VisualServoActionFeedback.lisp)
Linked: (/home/hcal-group/catkin_ws/devel/.private/stretch_demos/share/common-lisp/ros/stretch_demos/msg/VisualServoFeedback.lisp, /home/hcal-group/catkin_ws/devel/share/common-lisp/ros/stretch_demos/msg/VisualServoFeedback.lisp)
Linked: (/home/hcal-group/catkin_ws/devel/.private/stretch_demos/share/common-lisp/ros/stretch_demos/msg/VisualServoActionFeedback.lisp, /home/hcal-group/catkin_ws/devel/share/common-lisp/ros/stretch_demos/msg/VisualServoActionFeedback.lisp)
Linked: (/home/hcal-group/catkin_ws/devel/.private/stretch_demos/share/common-lisp/ros/stretch_demos/msg/_package_VisualServoFeedback.lisp, /home/hcal-group/catkin_ws/devel/share/common-lisp/ros/stretch_demos/msg/_package_VisualServoFeedback.lisp)
Linked: (/home/hcal-group/catkin_ws/devel/.private/stretch_demos/share/gennodejs/ros/stretch_demos/_index.js, /home/hcal-group/catkin_ws/devel/share/gennodejs/ros/stretch_demos/_index.js)
Linked: (/home/hcal-group/catkin_ws/devel/.private/stretch_demos/share/gennodejs/ros/stretch_demos/msg/ArucoHeadScanActionResult.js, /home/hcal-group/catkin_ws/devel/share/gennodejs/ros/stretch_demos/msg/ArucoHeadScanActionResult.js)
Linked: (/home/hcal-group/catkin_ws/devel/.private/stretch_demos/share/gennodejs/ros/stretch_demos/msg/VisualServoResult.js, /home/hcal-group/catkin_ws/devel/share/gennodejs/ros/stretch_demos/msg/VisualServoResult.js)
Linked: (/home/hcal-group/catkin_ws/devel/.private/stretch_demos/share/gennodejs/ros/stretch_demos/msg/ArucoHeadScanGoal.js, /home/hcal-group/catkin_ws/devel/share/gennodejs/ros/stretch_demos/msg/ArucoHeadScanGoal.js)
Linked: (/home/hcal-group/catkin_ws/devel/.private/stretch_demos/share/gennodejs/ros/stretch_demos/msg/VisualServoAction.js, /home/hcal-group/catkin_ws/devel/share/gennodejs/ros/stretch_demos/msg/VisualServoAction.js)
Linked: (/home/hcal-group/catkin_ws/devel/.private/stretch_demos/share/gennodejs/ros/stretch_demos/msg/VisualServoGoal.js, /home/hcal-group/catkin_ws/devel/share/gennodejs/ros/stretch_demos/msg/VisualServoGoal.js)
Linked: (/home/hcal-group/catkin_ws/devel/.private/stretch_demos/share/gennodejs/ros/stretch_demos/msg/_index.js, /home/hcal-group/catkin_ws/devel/share/gennodejs/ros/stretch_demos/msg/_index.js)
Linked: (/home/hcal-group/catkin_ws/devel/.private/stretch_demos/share/gennodejs/ros/stretch_demos/msg/VisualServoActionResult.js, /home/hcal-group/catkin_ws/devel/share/gennodejs/ros/stretch_demos/msg/VisualServoActionResult.js)
Linked: (/home/hcal-group/catkin_ws/devel/.private/stretch_demos/share/gennodejs/ros/stretch_demos/msg/VisualServoActionGoal.js, /home/hcal-group/catkin_ws/devel/share/gennodejs/ros/stretch_demos/msg/VisualServoActionGoal.js)
Linked: (/home/hcal-group/catkin_ws/devel/.private/stretch_demos/share/gennodejs/ros/stretch_demos/msg/ArucoHeadScanActionGoal.js, /home/hcal-group/catkin_ws/devel/share/gennodejs/ros/stretch_demos/msg/ArucoHeadScanActionGoal.js)
Linked: (/home/hcal-group/catkin_ws/devel/.private/stretch_demos/share/gennodejs/ros/stretch_demos/msg/VisualServoActionFeedback.js, /home/hcal-group/catkin_ws/devel/share/gennodejs/ros/stretch_demos/msg/VisualServoActionFeedback.js)
Linked: (/home/hcal-group/catkin_ws/devel/.private/stretch_demos/share/gennodejs/ros/stretch_demos/msg/ArucoHeadScanResult.js, /home/hcal-group/catkin_ws/devel/share/gennodejs/ros/stretch_demos/msg/ArucoHeadScanResult.js)
Linked: (/home/hcal-group/catkin_ws/devel/.private/stretch_demos/share/gennodejs/ros/stretch_demos/msg/ArucoHeadScanActionFeedback.js, /home/hcal-group/catkin_ws/devel/share/gennodejs/ros/stretch_demos/msg/ArucoHeadScanActionFeedback.js)
Linked: (/home/hcal-group/catkin_ws/devel/.private/stretch_demos/share/gennodejs/ros/stretch_demos/msg/ArucoHeadScanAction.js, /home/hcal-group/catkin_ws/devel/share/gennodejs/ros/stretch_demos/msg/ArucoHeadScanAction.js)
Linked: (/home/hcal-group/catkin_ws/devel/.private/stretch_demos/share/gennodejs/ros/stretch_demos/msg/VisualServoFeedback.js, /home/hcal-group/catkin_ws/devel/share/gennodejs/ros/stretch_demos/msg/VisualServoFeedback.js)
Linked: (/home/hcal-group/catkin_ws/devel/.private/stretch_demos/share/gennodejs/ros/stretch_demos/msg/ArucoHeadScanFeedback.js, /home/hcal-group/catkin_ws/devel/share/gennodejs/ros/stretch_demos/msg/ArucoHeadScanFeedback.js)
Linked: (/home/hcal-group/catkin_ws/devel/.private/stretch_demos/share/stretch_demos/cmake/stretch_demos-msg-extras.cmake, /home/hcal-group/catkin_ws/devel/share/stretch_demos/cmake/stretch_demos-msg-extras.cmake)
Linked: (/home/hcal-group/catkin_ws/devel/.private/stretch_demos/share/stretch_demos/cmake/stretch_demos-msg-paths.cmake, /home/hcal-group/catkin_ws/devel/share/stretch_demos/cmake/stretch_demos-msg-paths.cmake)
Linked: (/home/hcal-group/catkin_ws/devel/.private/stretch_demos/share/stretch_demos/cmake/stretch_demosConfig.cmake, /home/hcal-group/catkin_ws/devel/share/stretch_demos/cmake/stretch_demosConfig.cmake)
Linked: (/home/hcal-group/catkin_ws/devel/.private/stretch_demos/share/stretch_demos/cmake/stretch_demosConfig-version.cmake, /home/hcal-group/catkin_ws/devel/share/stretch_demos/cmake/stretch_demosConfig-version.cmake)
Linked: (/home/hcal-group/catkin_ws/devel/.private/stretch_demos/share/stretch_demos/msg/ArucoHeadScanActionFeedback.msg, /home/hcal-group/catkin_ws/devel/share/stretch_demos/msg/ArucoHeadScanActionFeedback.msg)
Linked: (/home/hcal-group/catkin_ws/devel/.private/stretch_demos/share/stretch_demos/msg/VisualServoActionResult.msg, /home/hcal-group/catkin_ws/devel/share/stretch_demos/msg/VisualServoActionResult.msg)
Linked: (/home/hcal-group/catkin_ws/devel/.private/stretch_demos/share/stretch_demos/msg/ArucoHeadScanActionGoal.msg, /home/hcal-group/catkin_ws/devel/share/stretch_demos/msg/ArucoHeadScanActionGoal.msg)
Linked: (/home/hcal-group/catkin_ws/devel/.private/stretch_demos/share/stretch_demos/msg/VisualServoActionFeedback.msg, /home/hcal-group/catkin_ws/devel/share/stretch_demos/msg/VisualServoActionFeedback.msg)
Linked: (/home/hcal-group/catkin_ws/devel/.private/stretch_demos/share/stretch_demos/msg/ArucoHeadScanActionResult.msg, /home/hcal-group/catkin_ws/devel/share/stretch_demos/msg/ArucoHeadScanActionResult.msg)
Linked: (/home/hcal-group/catkin_ws/devel/.private/stretch_demos/share/stretch_demos/msg/ArucoHeadScanAction.msg, /home/hcal-group/catkin_ws/devel/share/stretch_demos/msg/ArucoHeadScanAction.msg)
Linked: (/home/hcal-group/catkin_ws/devel/.private/stretch_demos/share/stretch_demos/msg/ArucoHeadScanFeedback.msg, /home/hcal-group/catkin_ws/devel/share/stretch_demos/msg/ArucoHeadScanFeedback.msg)
Linked: (/home/hcal-group/catkin_ws/devel/.private/stretch_demos/share/stretch_demos/msg/ArucoHeadScanGoal.msg, /home/hcal-group/catkin_ws/devel/share/stretch_demos/msg/ArucoHeadScanGoal.msg)
Linked: (/home/hcal-group/catkin_ws/devel/.private/stretch_demos/share/stretch_demos/msg/VisualServoGoal.msg, /home/hcal-group/catkin_ws/devel/share/stretch_demos/msg/VisualServoGoal.msg)
Linked: (/home/hcal-group/catkin_ws/devel/.private/stretch_demos/share/stretch_demos/msg/VisualServoResult.msg, /home/hcal-group/catkin_ws/devel/share/stretch_demos/msg/VisualServoResult.msg)
Linked: (/home/hcal-group/catkin_ws/devel/.private/stretch_demos/share/stretch_demos/msg/VisualServoAction.msg, /home/hcal-group/catkin_ws/devel/share/stretch_demos/msg/VisualServoAction.msg)
Linked: (/home/hcal-group/catkin_ws/devel/.private/stretch_demos/share/stretch_demos/msg/VisualServoFeedback.msg, /home/hcal-group/catkin_ws/devel/share/stretch_demos/msg/VisualServoFeedback.msg)
Linked: (/home/hcal-group/catkin_ws/devel/.private/stretch_demos/share/stretch_demos/msg/VisualServoActionGoal.msg, /home/hcal-group/catkin_ws/devel/share/stretch_demos/msg/VisualServoActionGoal.msg)
Linked: (/home/hcal-group/catkin_ws/devel/.private/stretch_demos/share/stretch_demos/msg/ArucoHeadScanResult.msg, /home/hcal-group/catkin_ws/devel/share/stretch_demos/msg/ArucoHeadScanResult.msg)
Linked: (/home/hcal-group/catkin_ws/devel/.private/stretch_demos/share/roseus/ros/stretch_demos/manifest.l, /home/hcal-group/catkin_ws/devel/share/roseus/ros/stretch_demos/manifest.l)
Linked: (/home/hcal-group/catkin_ws/devel/.private/stretch_demos/share/roseus/ros/stretch_demos/msg/VisualServoResult.l, /home/hcal-group/catkin_ws/devel/share/roseus/ros/stretch_demos/msg/VisualServoResult.l)
Linked: (/home/hcal-group/catkin_ws/devel/.private/stretch_demos/share/roseus/ros/stretch_demos/msg/ArucoHeadScanActionGoal.l, /home/hcal-group/catkin_ws/devel/share/roseus/ros/stretch_demos/msg/ArucoHeadScanActionGoal.l)
Linked: (/home/hcal-group/catkin_ws/devel/.private/stretch_demos/share/roseus/ros/stretch_demos/msg/ArucoHeadScanAction.l, /home/hcal-group/catkin_ws/devel/share/roseus/ros/stretch_demos/msg/ArucoHeadScanAction.l)
Linked: (/home/hcal-group/catkin_ws/devel/.private/stretch_demos/share/roseus/ros/stretch_demos/msg/ArucoHeadScanActionResult.l, /home/hcal-group/catkin_ws/devel/share/roseus/ros/stretch_demos/msg/ArucoHeadScanActionResult.l)
Linked: (/home/hcal-group/catkin_ws/devel/.private/stretch_demos/share/roseus/ros/stretch_demos/msg/VisualServoAction.l, /home/hcal-group/catkin_ws/devel/share/roseus/ros/stretch_demos/msg/VisualServoAction.l)
Linked: (/home/hcal-group/catkin_ws/devel/.private/stretch_demos/share/roseus/ros/stretch_demos/msg/VisualServoGoal.l, /home/hcal-group/catkin_ws/devel/share/roseus/ros/stretch_demos/msg/VisualServoGoal.l)
Linked: (/home/hcal-group/catkin_ws/devel/.private/stretch_demos/share/roseus/ros/stretch_demos/msg/VisualServoActionFeedback.l, /home/hcal-group/catkin_ws/devel/share/roseus/ros/stretch_demos/msg/VisualServoActionFeedback.l)
Linked: (/home/hcal-group/catkin_ws/devel/.private/stretch_demos/share/roseus/ros/stretch_demos/msg/VisualServoFeedback.l, /home/hcal-group/catkin_ws/devel/share/roseus/ros/stretch_demos/msg/VisualServoFeedback.l)
Linked: (/home/hcal-group/catkin_ws/devel/.private/stretch_demos/share/roseus/ros/stretch_demos/msg/ArucoHeadScanActionFeedback.l, /home/hcal-group/catkin_ws/devel/share/roseus/ros/stretch_demos/msg/ArucoHeadScanActionFeedback.l)
Linked: (/home/hcal-group/catkin_ws/devel/.private/stretch_demos/share/roseus/ros/stretch_demos/msg/VisualServoActionResult.l, /home/hcal-group/catkin_ws/devel/share/roseus/ros/stretch_demos/msg/VisualServoActionResult.l)
Linked: (/home/hcal-group/catkin_ws/devel/.private/stretch_demos/share/roseus/ros/stretch_demos/msg/ArucoHeadScanGoal.l, /home/hcal-group/catkin_ws/devel/share/roseus/ros/stretch_demos/msg/ArucoHeadScanGoal.l)
Linked: (/home/hcal-group/catkin_ws/devel/.private/stretch_demos/share/roseus/ros/stretch_demos/msg/ArucoHeadScanResult.l, /home/hcal-group/catkin_ws/devel/share/roseus/ros/stretch_demos/msg/ArucoHeadScanResult.l)
Linked: (/home/hcal-group/catkin_ws/devel/.private/stretch_demos/share/roseus/ros/stretch_demos/msg/VisualServoActionGoal.l, /home/hcal-group/catkin_ws/devel/share/roseus/ros/stretch_demos/msg/VisualServoActionGoal.l)
Linked: (/home/hcal-group/catkin_ws/devel/.private/stretch_demos/share/roseus/ros/stretch_demos/msg/ArucoHeadScanFeedback.l, /home/hcal-group/catkin_ws/devel/share/roseus/ros/stretch_demos/msg/ArucoHeadScanFeedback.l)
