[35m[1mScanning dependencies of target _stretch_demos_generate_messages_check_deps_VisualServoResult[0m
[35m[1mScanning dependencies of target _stretch_demos_generate_messages_check_deps_VisualServoFeedback[0m
[35m[1mScanning dependencies of target actionlib_msgs_generate_messages_eus[0m
[  0%] Built target actionlib_msgs_generate_messages_eus
[35m[1mScanning dependencies of target _stretch_demos_generate_messages_check_deps_VisualServoActionFeedback[0m
[  0%] Built target _stretch_demos_generate_messages_check_deps_VisualServoFeedback
[  0%] Built target _stretch_demos_generate_messages_check_deps_VisualServoResult
[35m[1mScanning dependencies of target _stretch_demos_generate_messages_check_deps_VisualServoActionResult[0m
[35m[1mScanning dependencies of target _stretch_demos_generate_messages_check_deps_VisualServoAction[0m
[  0%] Built target _stretch_demos_generate_messages_check_deps_VisualServoActionFeedback
[35m[1mScanning dependencies of target _stretch_demos_generate_messages_check_deps_ArucoHeadScanFeedback[0m
[  0%] Built target _stretch_demos_generate_messages_check_deps_VisualServoActionResult
[  0%] Built target _stretch_demos_generate_messages_check_deps_VisualServoAction
[35m[1mScanning dependencies of target _stretch_demos_generate_messages_check_deps_ArucoHeadScanActionFeedback[0m
[35m[1mScanning dependencies of target _stretch_demos_generate_messages_check_deps_ArucoHeadScanAction[0m
[  0%] Built target _stretch_demos_generate_messages_check_deps_ArucoHeadScanFeedback
[35m[1mScanning dependencies of target _stretch_demos_generate_messages_check_deps_ArucoHeadScanActionResult[0m
[  0%] Built target _stretch_demos_generate_messages_check_deps_ArucoHeadScanActionFeedback
[  0%] Built target _stretch_demos_generate_messages_check_deps_ArucoHeadScanAction
[35m[1mScanning dependencies of target _stretch_demos_generate_messages_check_deps_ArucoHeadScanResult[0m
[35m[1mScanning dependencies of target _stretch_demos_generate_messages_check_deps_VisualServoGoal[0m
[35m[1mScanning dependencies of target _stretch_demos_generate_messages_check_deps_ArucoHeadScanGoal[0m
[  0%] Built target _stretch_demos_generate_messages_check_deps_ArucoHeadScanActionResult
[35m[1mScanning dependencies of target _stretch_demos_generate_messages_check_deps_VisualServoActionGoal[0m
[  0%] Built target _stretch_demos_generate_messages_check_deps_VisualServoGoal
[  0%] Built target _stretch_demos_generate_messages_check_deps_ArucoHeadScanResult
[  0%] Built target _stretch_demos_generate_messages_check_deps_ArucoHeadScanGoal
[35m[1mScanning dependencies of target _stretch_demos_generate_messages_check_deps_ArucoHeadScanActionGoal[0m
[35m[1mScanning dependencies of target actionlib_msgs_generate_messages_py[0m
[35m[1mScanning dependencies of target actionlib_msgs_generate_messages_cpp[0m
[  0%] Built target actionlib_msgs_generate_messages_py
[  0%] Built target actionlib_msgs_generate_messages_cpp
[  0%] Built target _stretch_demos_generate_messages_check_deps_VisualServoActionGoal
[35m[1mScanning dependencies of target actionlib_msgs_generate_messages_nodejs[0m
[35m[1mScanning dependencies of target actionlib_msgs_generate_messages_lisp[0m
[  0%] Built target actionlib_msgs_generate_messages_nodejs
[  0%] Built target actionlib_msgs_generate_messages_lisp
[  0%] Built target _stretch_demos_generate_messages_check_deps_ArucoHeadScanActionGoal
[35m[1mScanning dependencies of target stretch_demos_generate_messages_eus[0m
[  1%] [34m[1mGenerating EusLisp code from stretch_demos/ArucoHeadScanAction.msg[0m
[  2%] [34m[1mGenerating EusLisp code from stretch_demos/ArucoHeadScanActionGoal.msg[0m
[  4%] [34m[1mGenerating EusLisp code from stretch_demos/ArucoHeadScanActionResult.msg[0m
[  5%] [34m[1mGenerating EusLisp code from stretch_demos/ArucoHeadScanActionFeedback.msg[0m
[  6%] [34m[1mGenerating EusLisp code from stretch_demos/ArucoHeadScanGoal.msg[0m
[  8%] [34m[1mGenerating EusLisp code from stretch_demos/ArucoHeadScanResult.msg[0m
[  9%] [34m[1mGenerating EusLisp code from stretch_demos/ArucoHeadScanFeedback.msg[0m
[35m[1mScanning dependencies of target stretch_demos_generate_messages_py[0m
[ 11%] [34m[1mGenerating Python from MSG stretch_demos/ArucoHeadScanAction[0m
[ 12%] [34m[1mGenerating Python from MSG stretch_demos/ArucoHeadScanActionGoal[0m
[ 13%] [34m[1mGenerating EusLisp code from stretch_demos/VisualServoAction.msg[0m
[ 15%] [34m[1mGenerating EusLisp code from stretch_demos/VisualServoActionGoal.msg[0m
[ 16%] [34m[1mGenerating EusLisp code from stretch_demos/VisualServoActionResult.msg[0m
[ 18%] [34m[1mGenerating EusLisp code from stretch_demos/VisualServoActionFeedback.msg[0m
[ 19%] [34m[1mGenerating Python from MSG stretch_demos/ArucoHeadScanActionResult[0m
[ 20%] [34m[1mGenerating Python from MSG stretch_demos/ArucoHeadScanActionFeedback[0m
[ 22%] [34m[1mGenerating EusLisp code from stretch_demos/VisualServoResult.msg[0m
[ 23%] [34m[1mGenerating EusLisp code from stretch_demos/VisualServoGoal.msg[0m
[ 25%] [34m[1mGenerating Python from MSG stretch_demos/ArucoHeadScanGoal[0m
[ 26%] [34m[1mGenerating Python from MSG stretch_demos/ArucoHeadScanResult[0m
[ 27%] [34m[1mGenerating EusLisp code from stretch_demos/VisualServoFeedback.msg[0m
[ 29%] [34m[1mGenerating Python from MSG stretch_demos/ArucoHeadScanFeedback[0m
[ 30%] [34m[1mGenerating EusLisp manifest code for stretch_demos[0m
[ 31%] [34m[1mGenerating Python from MSG stretch_demos/VisualServoAction[0m
[ 33%] [34m[1mGenerating Python from MSG stretch_demos/VisualServoActionGoal[0m
[35m[1mScanning dependencies of target stretch_demos_generate_messages_cpp[0m
[ 34%] [34m[1mGenerating C++ code from stretch_demos/ArucoHeadScanAction.msg[0m
[ 36%] [34m[1mGenerating C++ code from stretch_demos/ArucoHeadScanActionGoal.msg[0m
[ 37%] [34m[1mGenerating Python from MSG stretch_demos/VisualServoActionResult[0m
[35m[1mScanning dependencies of target stretch_demos_generate_messages_nodejs[0m
[ 38%] [34m[1mGenerating Javascript code from stretch_demos/ArucoHeadScanAction.msg[0m
[35m[1mScanning dependencies of target stretch_demos_generate_messages_lisp[0m
[ 40%] [34m[1mGenerating Lisp code from stretch_demos/ArucoHeadScanAction.msg[0m
[ 41%] [34m[1mGenerating Javascript code from stretch_demos/ArucoHeadScanActionGoal.msg[0m
[ 43%] [34m[1mGenerating C++ code from stretch_demos/ArucoHeadScanActionResult.msg[0m
[ 44%] [34m[1mGenerating Python from MSG stretch_demos/VisualServoActionFeedback[0m
[ 45%] [34m[1mGenerating Python from MSG stretch_demos/VisualServoGoal[0m
[ 47%] [34m[1mGenerating Lisp code from stretch_demos/ArucoHeadScanActionGoal.msg[0m
[ 48%] [34m[1mGenerating Javascript code from stretch_demos/ArucoHeadScanActionResult.msg[0m
[ 50%] [34m[1mGenerating Lisp code from stretch_demos/ArucoHeadScanActionResult.msg[0m
[ 51%] [34m[1mGenerating Javascript code from stretch_demos/ArucoHeadScanActionFeedback.msg[0m
[ 52%] [34m[1mGenerating C++ code from stretch_demos/ArucoHeadScanActionFeedback.msg[0m
[ 54%] [34m[1mGenerating Python from MSG stretch_demos/VisualServoResult[0m
[ 55%] [34m[1mGenerating Lisp code from stretch_demos/ArucoHeadScanActionFeedback.msg[0m
[ 56%] [34m[1mGenerating Javascript code from stretch_demos/ArucoHeadScanGoal.msg[0m
[ 58%] [34m[1mGenerating Javascript code from stretch_demos/ArucoHeadScanResult.msg[0m
[ 59%] [34m[1mGenerating Lisp code from stretch_demos/ArucoHeadScanGoal.msg[0m
[ 61%] [34m[1mGenerating Javascript code from stretch_demos/ArucoHeadScanFeedback.msg[0m
[ 62%] [34m[1mGenerating Lisp code from stretch_demos/ArucoHeadScanResult.msg[0m
[ 63%] [34m[1mGenerating C++ code from stretch_demos/ArucoHeadScanGoal.msg[0m
[ 65%] [34m[1mGenerating C++ code from stretch_demos/ArucoHeadScanResult.msg[0m
[ 66%] [34m[1mGenerating Python from MSG stretch_demos/VisualServoFeedback[0m
[ 68%] [34m[1mGenerating Javascript code from stretch_demos/VisualServoAction.msg[0m
[ 69%] [34m[1mGenerating Lisp code from stretch_demos/ArucoHeadScanFeedback.msg[0m
[ 70%] [34m[1mGenerating Javascript code from stretch_demos/VisualServoActionGoal.msg[0m
[ 72%] [34m[1mGenerating Lisp code from stretch_demos/VisualServoAction.msg[0m
[ 73%] [34m[1mGenerating C++ code from stretch_demos/ArucoHeadScanFeedback.msg[0m
[ 75%] [34m[1mGenerating C++ code from stretch_demos/VisualServoAction.msg[0m
[ 76%] [34m[1mGenerating Lisp code from stretch_demos/VisualServoActionGoal.msg[0m
[ 77%] [34m[1mGenerating Javascript code from stretch_demos/VisualServoActionResult.msg[0m
[ 79%] [34m[1mGenerating Python msg __init__.py for stretch_demos[0m
[ 80%] [34m[1mGenerating Javascript code from stretch_demos/VisualServoActionFeedback.msg[0m
[ 81%] [34m[1mGenerating Lisp code from stretch_demos/VisualServoActionResult.msg[0m
[ 83%] [34m[1mGenerating C++ code from stretch_demos/VisualServoActionGoal.msg[0m
[ 84%] [34m[1mGenerating Lisp code from stretch_demos/VisualServoActionFeedback.msg[0m
[ 86%] [34m[1mGenerating Javascript code from stretch_demos/VisualServoGoal.msg[0m
[ 87%] [34m[1mGenerating Javascript code from stretch_demos/VisualServoResult.msg[0m
[ 87%] Built target stretch_demos_generate_messages_eus
[ 88%] [34m[1mGenerating Javascript code from stretch_demos/VisualServoFeedback.msg[0m
[ 90%] [34m[1mGenerating Lisp code from stretch_demos/VisualServoGoal.msg[0m
[ 90%] Built target stretch_demos_generate_messages_py
[ 91%] [34m[1mGenerating C++ code from stretch_demos/VisualServoActionResult.msg[0m
[ 93%] [34m[1mGenerating Lisp code from stretch_demos/VisualServoResult.msg[0m
[ 93%] Built target stretch_demos_generate_messages_nodejs
[ 94%] [34m[1mGenerating Lisp code from stretch_demos/VisualServoFeedback.msg[0m
[ 94%] Built target stretch_demos_generate_messages_lisp
[ 95%] [34m[1mGenerating C++ code from stretch_demos/VisualServoActionFeedback.msg[0m
[ 97%] [34m[1mGenerating C++ code from stretch_demos/VisualServoGoal.msg[0m
[ 98%] [34m[1mGenerating C++ code from stretch_demos/VisualServoResult.msg[0m
[100%] [34m[1mGenerating C++ code from stretch_demos/VisualServoFeedback.msg[0m
[100%] Built target stretch_demos_generate_messages_cpp
[35m[1mScanning dependencies of target stretch_demos_generate_messages[0m
[100%] Built target stretch_demos_generate_messages
