[  0%] Built target sensor_msgs_generate_messages_nodejs
[  0%] Built target _realsense2_camera_generate_messages_check_deps_Extrinsics
[  0%] Built target _realsense2_camera_generate_messages_check_deps_IMUInfo
[  0%] Built target std_msgs_generate_messages_nodejs
[  0%] Built target _realsense2_camera_generate_messages_check_deps_DeviceInfo
[  0%] Built target _realsense2_camera_generate_messages_check_deps_Metadata
[ 14%] Built target realsense2_camera_generate_messages_nodejs
[ 14%] Built target sensor_msgs_generate_messages_lisp
[ 14%] Built target std_msgs_generate_messages_lisp
[ 29%] Built target realsense2_camera_generate_messages_lisp
[ 29%] Built target sensor_msgs_generate_messages_eus
[ 29%] Built target std_msgs_generate_messages_eus
[ 48%] Built target realsense2_camera_generate_messages_eus
[ 48%] Built target sensor_msgs_generate_messages_cpp
[ 48%] Built target std_msgs_generate_messages_cpp
[ 62%] Built target realsense2_camera_generate_messages_cpp
[ 62%] Built target std_msgs_generate_messages_py
[ 62%] Built target sensor_msgs_generate_messages_py
[ 85%] Built target realsense2_camera_generate_messages_py
[ 85%] Built target realsense2_camera_generate_messages
[ 85%] Built target tf_generate_messages_lisp
[ 85%] Built target diagnostic_msgs_generate_messages_nodejs
[ 85%] Built target diagnostic_msgs_generate_messages_eus
[ 85%] Built target dynamic_reconfigure_gencfg
[ 85%] Built target dynamic_reconfigure_generate_messages_cpp
[ 85%] Built target tf2_msgs_generate_messages_nodejs
[ 85%] Built target tf2_msgs_generate_messages_lisp
[ 85%] Built target dynamic_reconfigure_generate_messages_lisp
[ 85%] Built target tf2_msgs_generate_messages_cpp
[ 85%] Built target diagnostic_msgs_generate_messages_lisp
[ 85%] Built target actionlib_generate_messages_py
[ 85%] Built target actionlib_generate_messages_nodejs
[ 85%] Built target actionlib_generate_messages_cpp
[ 85%] Built target tf_generate_messages_nodejs
[ 85%] Built target roscpp_generate_messages_eus
[ 85%] Built target actionlib_msgs_generate_messages_py
[ 85%] Built target rosgraph_msgs_generate_messages_nodejs
[ 85%] Built target nav_msgs_generate_messages_eus
[ 85%] Built target tf_generate_messages_py
[ 85%] Built target actionlib_msgs_generate_messages_nodejs
[ 85%] Built target actionlib_msgs_generate_messages_lisp
[ 85%] Built target geometry_msgs_generate_messages_lisp
[ 85%] Built target tf_generate_messages_cpp
[ 85%] Built target actionlib_generate_messages_lisp
[ 85%] Built target _catkin_empty_exported_target
[ 85%] Built target roscpp_generate_messages_lisp
[ 85%] Built target nodelet_generate_messages_lisp
[ 85%] Built target geometry_msgs_generate_messages_eus
[ 85%] Built target dynamic_reconfigure_generate_messages_py
[ 85%] Built target actionlib_msgs_generate_messages_eus
[ 85%] Built target tf_generate_messages_eus
[ 85%] Built target rosgraph_msgs_generate_messages_lisp
[ 85%] Built target diagnostic_msgs_generate_messages_cpp
[ 85%] Built target rosgraph_msgs_generate_messages_py
[ 85%] Built target actionlib_msgs_generate_messages_cpp
[ 85%] Built target std_srvs_generate_messages_cpp
[ 85%] Built target geometry_msgs_generate_messages_py
[ 85%] Built target tf2_msgs_generate_messages_eus
[ 85%] Built target dynamic_reconfigure_generate_messages_eus
[ 85%] Built target geometry_msgs_generate_messages_nodejs
[ 85%] Built target geometry_msgs_generate_messages_cpp
[ 85%] Built target roscpp_generate_messages_cpp
[ 85%] Built target nav_msgs_generate_messages_cpp
[ 85%] Built target nav_msgs_generate_messages_lisp
[ 85%] Built target roscpp_generate_messages_nodejs
[ 85%] Built target roscpp_generate_messages_py
[ 85%] Built target actionlib_generate_messages_eus
[ 85%] Built target rosgraph_msgs_generate_messages_cpp
[ 85%] Built target rosgraph_msgs_generate_messages_eus
[ 85%] Built target std_srvs_generate_messages_py
[ 85%] Built target diagnostic_msgs_generate_messages_py
[ 85%] Built target nav_msgs_generate_messages_nodejs
[ 85%] Built target bond_generate_messages_lisp
[ 85%] Built target dynamic_reconfigure_generate_messages_nodejs
[ 85%] Built target tf2_msgs_generate_messages_py
[ 85%] Built target bond_generate_messages_cpp
[ 85%] Built target bond_generate_messages_eus
[ 85%] Built target std_srvs_generate_messages_eus
[ 85%] Built target std_srvs_generate_messages_lisp
[ 85%] Built target nodelet_generate_messages_cpp
[ 85%] Built target nodelet_generate_messages_eus
[ 85%] Built target nodelet_generate_messages_nodejs
[ 85%] Built target bond_generate_messages_nodejs
[ 85%] Built target std_srvs_generate_messages_nodejs
[ 85%] Built target nodelet_generate_messages_py
[ 85%] Built target bond_generate_messages_py
[ 85%] Built target nav_msgs_generate_messages_py
[100%] Built target realsense2_camera
[36mInstall the project...[0m
-- Install configuration: "Release"
-- Installing: /home/hcal-group/catkin_ws/install/_setup_util.py
-- Installing: /home/hcal-group/catkin_ws/install/env.sh
-- Installing: /home/hcal-group/catkin_ws/install/setup.bash
-- Installing: /home/hcal-group/catkin_ws/install/local_setup.bash
-- Installing: /home/hcal-group/catkin_ws/install/setup.sh
-- Installing: /home/hcal-group/catkin_ws/install/local_setup.sh
-- Installing: /home/hcal-group/catkin_ws/install/setup.zsh
-- Installing: /home/hcal-group/catkin_ws/install/local_setup.zsh
-- Installing: /home/hcal-group/catkin_ws/install/.rosinstall
-- Up-to-date: /home/hcal-group/catkin_ws/install/share/realsense2_camera/msg/IMUInfo.msg
-- Up-to-date: /home/hcal-group/catkin_ws/install/share/realsense2_camera/msg/Extrinsics.msg
-- Up-to-date: /home/hcal-group/catkin_ws/install/share/realsense2_camera/msg/Metadata.msg
-- Up-to-date: /home/hcal-group/catkin_ws/install/share/realsense2_camera/srv/DeviceInfo.srv
-- Up-to-date: /home/hcal-group/catkin_ws/install/share/realsense2_camera/cmake/realsense2_camera-msg-paths.cmake
-- Up-to-date: /home/hcal-group/catkin_ws/install/include/realsense2_camera
-- Up-to-date: /home/hcal-group/catkin_ws/install/include/realsense2_camera/DeviceInfoResponse.h
-- Up-to-date: /home/hcal-group/catkin_ws/install/include/realsense2_camera/Metadata.h
-- Up-to-date: /home/hcal-group/catkin_ws/install/include/realsense2_camera/DeviceInfoRequest.h
-- Up-to-date: /home/hcal-group/catkin_ws/install/include/realsense2_camera/DeviceInfo.h
-- Up-to-date: /home/hcal-group/catkin_ws/install/include/realsense2_camera/Extrinsics.h
-- Up-to-date: /home/hcal-group/catkin_ws/install/include/realsense2_camera/IMUInfo.h
-- Up-to-date: /home/hcal-group/catkin_ws/install/share/roseus/ros/realsense2_camera
-- Up-to-date: /home/hcal-group/catkin_ws/install/share/roseus/ros/realsense2_camera/srv
-- Up-to-date: /home/hcal-group/catkin_ws/install/share/roseus/ros/realsense2_camera/srv/DeviceInfo.l
-- Up-to-date: /home/hcal-group/catkin_ws/install/share/roseus/ros/realsense2_camera/msg
-- Up-to-date: /home/hcal-group/catkin_ws/install/share/roseus/ros/realsense2_camera/msg/Metadata.l
-- Up-to-date: /home/hcal-group/catkin_ws/install/share/roseus/ros/realsense2_camera/msg/Extrinsics.l
-- Up-to-date: /home/hcal-group/catkin_ws/install/share/roseus/ros/realsense2_camera/msg/IMUInfo.l
-- Up-to-date: /home/hcal-group/catkin_ws/install/share/roseus/ros/realsense2_camera/manifest.l
-- Up-to-date: /home/hcal-group/catkin_ws/install/share/common-lisp/ros/realsense2_camera
-- Up-to-date: /home/hcal-group/catkin_ws/install/share/common-lisp/ros/realsense2_camera/srv
-- Up-to-date: /home/hcal-group/catkin_ws/install/share/common-lisp/ros/realsense2_camera/srv/DeviceInfo.lisp
-- Up-to-date: /home/hcal-group/catkin_ws/install/share/common-lisp/ros/realsense2_camera/srv/_package.lisp
-- Up-to-date: /home/hcal-group/catkin_ws/install/share/common-lisp/ros/realsense2_camera/srv/_package_DeviceInfo.lisp
-- Up-to-date: /home/hcal-group/catkin_ws/install/share/common-lisp/ros/realsense2_camera/srv/realsense2_camera-srv.asd
-- Up-to-date: /home/hcal-group/catkin_ws/install/share/common-lisp/ros/realsense2_camera/msg
-- Up-to-date: /home/hcal-group/catkin_ws/install/share/common-lisp/ros/realsense2_camera/msg/_package_Metadata.lisp
-- Up-to-date: /home/hcal-group/catkin_ws/install/share/common-lisp/ros/realsense2_camera/msg/Metadata.lisp
-- Up-to-date: /home/hcal-group/catkin_ws/install/share/common-lisp/ros/realsense2_camera/msg/IMUInfo.lisp
-- Up-to-date: /home/hcal-group/catkin_ws/install/share/common-lisp/ros/realsense2_camera/msg/realsense2_camera-msg.asd
-- Up-to-date: /home/hcal-group/catkin_ws/install/share/common-lisp/ros/realsense2_camera/msg/Extrinsics.lisp
-- Up-to-date: /home/hcal-group/catkin_ws/install/share/common-lisp/ros/realsense2_camera/msg/_package_IMUInfo.lisp
-- Up-to-date: /home/hcal-group/catkin_ws/install/share/common-lisp/ros/realsense2_camera/msg/_package_Extrinsics.lisp
-- Up-to-date: /home/hcal-group/catkin_ws/install/share/common-lisp/ros/realsense2_camera/msg/_package.lisp
-- Up-to-date: /home/hcal-group/catkin_ws/install/share/gennodejs/ros/realsense2_camera
-- Up-to-date: /home/hcal-group/catkin_ws/install/share/gennodejs/ros/realsense2_camera/_index.js
-- Up-to-date: /home/hcal-group/catkin_ws/install/share/gennodejs/ros/realsense2_camera/srv
-- Up-to-date: /home/hcal-group/catkin_ws/install/share/gennodejs/ros/realsense2_camera/srv/DeviceInfo.js
-- Up-to-date: /home/hcal-group/catkin_ws/install/share/gennodejs/ros/realsense2_camera/srv/_index.js
-- Up-to-date: /home/hcal-group/catkin_ws/install/share/gennodejs/ros/realsense2_camera/msg
-- Up-to-date: /home/hcal-group/catkin_ws/install/share/gennodejs/ros/realsense2_camera/msg/Extrinsics.js
-- Up-to-date: /home/hcal-group/catkin_ws/install/share/gennodejs/ros/realsense2_camera/msg/_index.js
-- Up-to-date: /home/hcal-group/catkin_ws/install/share/gennodejs/ros/realsense2_camera/msg/Metadata.js
-- Up-to-date: /home/hcal-group/catkin_ws/install/share/gennodejs/ros/realsense2_camera/msg/IMUInfo.js
Listing '/home/hcal-group/catkin_ws/devel/.private/realsense2_camera/lib/python3/dist-packages/realsense2_camera'...
Listing '/home/hcal-group/catkin_ws/devel/.private/realsense2_camera/lib/python3/dist-packages/realsense2_camera/msg'...
Listing '/home/hcal-group/catkin_ws/devel/.private/realsense2_camera/lib/python3/dist-packages/realsense2_camera/srv'...
-- Up-to-date: /home/hcal-group/catkin_ws/install/lib/python3/dist-packages/realsense2_camera
-- Up-to-date: /home/hcal-group/catkin_ws/install/lib/python3/dist-packages/realsense2_camera/srv
-- Up-to-date: /home/hcal-group/catkin_ws/install/lib/python3/dist-packages/realsense2_camera/srv/__init__.py
-- Up-to-date: /home/hcal-group/catkin_ws/install/lib/python3/dist-packages/realsense2_camera/srv/_DeviceInfo.py
-- Up-to-date: /home/hcal-group/catkin_ws/install/lib/python3/dist-packages/realsense2_camera/srv/__pycache__
-- Up-to-date: /home/hcal-group/catkin_ws/install/lib/python3/dist-packages/realsense2_camera/srv/__pycache__/_DeviceInfo.cpython-38.pyc
-- Up-to-date: /home/hcal-group/catkin_ws/install/lib/python3/dist-packages/realsense2_camera/srv/__pycache__/__init__.cpython-38.pyc
-- Up-to-date: /home/hcal-group/catkin_ws/install/lib/python3/dist-packages/realsense2_camera/msg
-- Up-to-date: /home/hcal-group/catkin_ws/install/lib/python3/dist-packages/realsense2_camera/msg/_IMUInfo.py
-- Up-to-date: /home/hcal-group/catkin_ws/install/lib/python3/dist-packages/realsense2_camera/msg/_Metadata.py
-- Up-to-date: /home/hcal-group/catkin_ws/install/lib/python3/dist-packages/realsense2_camera/msg/__init__.py
-- Up-to-date: /home/hcal-group/catkin_ws/install/lib/python3/dist-packages/realsense2_camera/msg/__pycache__
-- Up-to-date: /home/hcal-group/catkin_ws/install/lib/python3/dist-packages/realsense2_camera/msg/__pycache__/_IMUInfo.cpython-38.pyc
-- Up-to-date: /home/hcal-group/catkin_ws/install/lib/python3/dist-packages/realsense2_camera/msg/__pycache__/_Extrinsics.cpython-38.pyc
-- Up-to-date: /home/hcal-group/catkin_ws/install/lib/python3/dist-packages/realsense2_camera/msg/__pycache__/__init__.cpython-38.pyc
-- Up-to-date: /home/hcal-group/catkin_ws/install/lib/python3/dist-packages/realsense2_camera/msg/__pycache__/_Metadata.cpython-38.pyc
-- Up-to-date: /home/hcal-group/catkin_ws/install/lib/python3/dist-packages/realsense2_camera/msg/_Extrinsics.py
-- Up-to-date: /home/hcal-group/catkin_ws/install/lib/python3/dist-packages/realsense2_camera/__init__.py
-- Up-to-date: /home/hcal-group/catkin_ws/install/lib/python3/dist-packages/realsense2_camera/__pycache__
-- Up-to-date: /home/hcal-group/catkin_ws/install/lib/python3/dist-packages/realsense2_camera/__pycache__/__init__.cpython-38.pyc
-- Up-to-date: /home/hcal-group/catkin_ws/install/lib/pkgconfig/realsense2_camera.pc
-- Up-to-date: /home/hcal-group/catkin_ws/install/share/realsense2_camera/cmake/realsense2_camera-msg-extras.cmake
-- Up-to-date: /home/hcal-group/catkin_ws/install/share/realsense2_camera/cmake/realsense2_cameraConfig.cmake
-- Up-to-date: /home/hcal-group/catkin_ws/install/share/realsense2_camera/cmake/realsense2_cameraConfig-version.cmake
-- Up-to-date: /home/hcal-group/catkin_ws/install/share/realsense2_camera/package.xml
-- Up-to-date: /home/hcal-group/catkin_ws/install/lib/librealsense2_camera.so
-- Up-to-date: /home/hcal-group/catkin_ws/install/include/realsense2_camera
-- Up-to-date: /home/hcal-group/catkin_ws/install/include/realsense2_camera/constants.h
-- Up-to-date: /home/hcal-group/catkin_ws/install/include/realsense2_camera/base_realsense_node.h
-- Up-to-date: /home/hcal-group/catkin_ws/install/include/realsense2_camera/t265_realsense_node.h
-- Up-to-date: /home/hcal-group/catkin_ws/install/include/realsense2_camera/realsense_node_factory.h
-- Up-to-date: /home/hcal-group/catkin_ws/install/share/realsense2_camera/launch
-- Up-to-date: /home/hcal-group/catkin_ws/install/share/realsense2_camera/launch/includes
-- Up-to-date: /home/hcal-group/catkin_ws/install/share/realsense2_camera/launch/includes/nodelet.launch.xml
-- Up-to-date: /home/hcal-group/catkin_ws/install/share/realsense2_camera/launch/demo_t265.launch
-- Up-to-date: /home/hcal-group/catkin_ws/install/share/realsense2_camera/launch/rs_from_file.launch
-- Up-to-date: /home/hcal-group/catkin_ws/install/share/realsense2_camera/launch/rs_t265.launch
-- Up-to-date: /home/hcal-group/catkin_ws/install/share/realsense2_camera/launch/rs_rgbd.launch
-- Up-to-date: /home/hcal-group/catkin_ws/install/share/realsense2_camera/launch/rs_rtabmap.launch
-- Up-to-date: /home/hcal-group/catkin_ws/install/share/realsense2_camera/launch/demo_pointcloud.launch
-- Up-to-date: /home/hcal-group/catkin_ws/install/share/realsense2_camera/launch/rs_d400_and_t265.launch
-- Up-to-date: /home/hcal-group/catkin_ws/install/share/realsense2_camera/launch/rs_multiple_devices.launch
-- Installing: /home/hcal-group/catkin_ws/install/share/realsense2_camera/launch/rs_camera.launch
-- Up-to-date: /home/hcal-group/catkin_ws/install/share/realsense2_camera/launch/rs_aligned_depth.launch
-- Up-to-date: /home/hcal-group/catkin_ws/install/share/realsense2_camera/launch/opensource_tracking.launch
-- Up-to-date: /home/hcal-group/catkin_ws/install/share/realsense2_camera/launch/rs_d435_camera_with_model.launch
-- Up-to-date: /home/hcal-group/catkin_ws/install/share/realsense2_camera/rviz
-- Up-to-date: /home/hcal-group/catkin_ws/install/share/realsense2_camera/rviz/t265.rviz
-- Up-to-date: /home/hcal-group/catkin_ws/install/share/realsense2_camera/rviz/pointcloud.rviz
-- Up-to-date: /home/hcal-group/catkin_ws/install/share/realsense2_camera/nodelet_plugins.xml
